{"level":"info","message":"Server started at port: 3000","timestamp":"2019-10-19T10:53:32.502Z"}
{"level":"info","message":"Initiated request: /powerful/find with query params: [object Object]","timestamp":"2019-10-19T10:53:36.904Z"}
{"level":"info","message":"Creating object for pokemon ditto","timestamp":"2019-10-19T10:53:36.905Z"}
{"level":"info","message":"fetching data for pokemon: ditto | url: https://pokeapi.co/api/v2/pokemon/ditto","timestamp":"2019-10-19T10:53:36.906Z"}
{"level":"info","message":"fetching data successful ..","timestamp":"2019-10-19T10:53:37.955Z"}
{"level":"info","message":"Pokemon data: [object Object]","timestamp":"2019-10-19T10:53:37.956Z"}
{"level":"info","message":"Creating object for pokemon butterfree","timestamp":"2019-10-19T10:53:37.956Z"}
{"level":"info","message":"fetching data for pokemon: butterfree | url: https://pokeapi.co/api/v2/pokemon/butterfree","timestamp":"2019-10-19T10:53:37.956Z"}
{"level":"info","message":"fetching data successful ..","timestamp":"2019-10-19T10:53:41.391Z"}
{"level":"info","message":"Pokemon data: [object Object]","timestamp":"2019-10-19T10:53:41.392Z"}
{"level":"info","message":"Creating object for pokemon bulbasaur","timestamp":"2019-10-19T10:53:41.392Z"}
{"level":"info","message":"fetching data for pokemon: bulbasaur | url: https://pokeapi.co/api/v2/pokemon/bulbasaur","timestamp":"2019-10-19T10:53:41.393Z"}
{"level":"info","message":"fetching data successful ..","timestamp":"2019-10-19T10:53:45.492Z"}
{"level":"info","message":"Pokemon data: [object Object]","timestamp":"2019-10-19T10:53:45.493Z"}
{"level":"info","message":"Creating object for pokemon ivysaur","timestamp":"2019-10-19T10:53:45.493Z"}
{"level":"info","message":"fetching data for pokemon: ivysaur | url: https://pokeapi.co/api/v2/pokemon/ivysaur","timestamp":"2019-10-19T10:53:45.493Z"}
{"level":"info","message":"fetching data successful ..","timestamp":"2019-10-19T10:53:49.835Z"}
{"level":"info","message":"Pokemon data: [object Object]","timestamp":"2019-10-19T10:53:49.835Z"}
{"level":"info","message":"Creating object for pokemon venusaur","timestamp":"2019-10-19T10:53:49.835Z"}
{"level":"info","message":"fetching data for pokemon: venusaur | url: https://pokeapi.co/api/v2/pokemon/venusaur","timestamp":"2019-10-19T10:53:49.836Z"}
{"level":"info","message":"fetching data successful ..","timestamp":"2019-10-19T10:53:53.307Z"}
{"level":"info","message":"Pokemon data: [object Object]","timestamp":"2019-10-19T10:53:53.307Z"}
{"level":"info","message":"Server started at port: 3000","timestamp":"2019-10-19T10:55:24.633Z"}
{"level":"info","message":"Server started at port: 3000","timestamp":"2019-10-19T10:56:23.114Z"}
